Build started 2014/9/19 10:57:42.
     1>Project "C:\Users\LLJ\Documents\Visual Studio 2010\Projects\SLIC_version\SLIC_version\SLIC_version.vcxproj" on node 2 (build target(s)).
     1>InitializeBuildStatus:
         Creating "Debug\SLIC_version.unsuccessfulbuild" because "AlwaysCreate" was specified.
       ClCompile:
         C:\Program Files (x86)\Microsoft Visual Studio 10.0\VC\bin\CL.exe /c /I"C:\Program Files (x86)\OpenNI2\Include\\" /ZI /nologo /W3 /WX- /Od /Oy- /D _MBCS /Gm /EHsc /RTC1 /MDd /GS /fp:precise /Zc:wchar_t /Zc:forScope /Fo"Debug\\" /Fd"Debug\vc100.pdb" /Gd /TP /analyze- /errorReport:prompt main.cpp
         main.cpp
       Link:
         C:\Program Files (x86)\Microsoft Visual Studio 10.0\VC\bin\link.exe /ERRORREPORT:PROMPT /OUT:"C:\Users\LLJ\Documents\Visual Studio 2010\Projects\SLIC_version\Debug\SLIC_version.exe" /NOLOGO /LIBPATH:"C:\Program Files (x86)\OpenNI2\Lib\\" opencv_video249d.lib opencv_ts249d.lib opencv_objdetect249d.lib opencv_ml249d.lib opencv_legacy249d.lib opencv_imgproc249d.lib opencv_highgui249d.lib opencv_gpu249d.lib opencv_flann249d.lib opencv_features2d249d.lib opencv_core249d.lib opencv_calib3d249d.lib opencv_contrib249d.lib Kinect10.lib OpenNI2.lib kernel32.lib user32.lib gdi32.lib winspool.lib comdlg32.lib advapi32.lib shell32.lib ole32.lib oleaut32.lib uuid.lib odbc32.lib odbccp32.lib /MANIFEST /ManifestFile:"Debug\SLIC_version.exe.intermediate.manifest" /MANIFESTUAC:"level='asInvoker' uiAccess='false'" /DEBUG /PDB:"C:\Users\LLJ\Documents\Visual Studio 2010\Projects\SLIC_version\Debug\SLIC_version.pdb" /TLBID:1 /DYNAMICBASE /NXCOMPAT /IMPLIB:"C:\Users\LLJ\Documents\Visual Studio 2010\Projects\SLIC_version\Debug\SLIC_version.lib" /MACHINE:X86 Debug\Api.obj
         Debug\Holefilling.obj
         Debug\main.obj
         Debug\Node.obj
         Debug\PlaneParamEstimator.obj
         Debug\SLIC.obj
         LINK : C:\Users\LLJ\Documents\Visual Studio 2010\Projects\SLIC_version\Debug\SLIC_version.exe not found or not built by the last incremental link; performing full link
         SLIC_version.vcxproj -> C:\Users\LLJ\Documents\Visual Studio 2010\Projects\SLIC_version\Debug\SLIC_version.exe
       Manifest:
         C:\Program Files (x86)\Microsoft SDKs\Windows\v7.0A\bin\mt.exe /nologo /verbose /outputresource:"C:\Users\LLJ\Documents\Visual Studio 2010\Projects\SLIC_version\Debug\SLIC_version.exe;#1" /manifest Debug\SLIC_version.exe.intermediate.manifest
       FinalizeBuildStatus:
         Deleting file "Debug\SLIC_version.unsuccessfulbuild".
         Touching "Debug\SLIC_version.lastbuildstate".
     1>Done Building Project "C:\Users\LLJ\Documents\Visual Studio 2010\Projects\SLIC_version\SLIC_version\SLIC_version.vcxproj" (build target(s)).

Build succeeded.

Time Elapsed 00:00:02.41
