C:\USERS\LLJ\DOCUMENTS\VISUAL STUDIO 2010\PROJECTS\SLIC_VERSION\DEBUG\SLIC_VERSION.EXE
C:\USERS\LLJ\DOCUMENTS\VISUAL STUDIO 2010\PROJECTS\SLIC_VERSION\DEBUG\SLIC_VERSION.ILK
C:\USERS\LLJ\DOCUMENTS\VISUAL STUDIO 2010\PROJECTS\SLIC_VERSION\DEBUG\SLIC_VERSION.PDB
C:\USERS\LLJ\DOCUMENTS\VISUAL STUDIO 2010\PROJECTS\SLIC_VERSION\SLIC_VERSION\DEBUG\API.OBJ
C:\Users\LLJ\Documents\Visual Studio 2010\Projects\SLIC_version\SLIC_version\Debug\cl.command.1.tlog
C:\Users\LLJ\Documents\Visual Studio 2010\Projects\SLIC_version\SLIC_version\Debug\CL.read.1.tlog
C:\Users\LLJ\Documents\Visual Studio 2010\Projects\SLIC_version\SLIC_version\Debug\CL.write.1.tlog
C:\USERS\LLJ\DOCUMENTS\VISUAL STUDIO 2010\PROJECTS\SLIC_VERSION\SLIC_VERSION\DEBUG\HOLEFILLING.OBJ
C:\Users\LLJ\Documents\Visual Studio 2010\Projects\SLIC_version\SLIC_version\Debug\link.command.1.tlog
C:\Users\LLJ\Documents\Visual Studio 2010\Projects\SLIC_version\SLIC_version\Debug\link.read.1.tlog
C:\Users\LLJ\Documents\Visual Studio 2010\Projects\SLIC_version\SLIC_version\Debug\link.write.1.tlog
C:\USERS\LLJ\DOCUMENTS\VISUAL STUDIO 2010\PROJECTS\SLIC_VERSION\SLIC_VERSION\DEBUG\MAIN.OBJ
C:\USERS\LLJ\DOCUMENTS\VISUAL STUDIO 2010\PROJECTS\SLIC_VERSION\SLIC_VERSION\DEBUG\MAIN3.OBJ
C:\Users\LLJ\Documents\Visual Studio 2010\Projects\SLIC_version\SLIC_version\Debug\mt.command.1.tlog
C:\Users\LLJ\Documents\Visual Studio 2010\Projects\SLIC_version\SLIC_version\Debug\mt.read.1.tlog
C:\Users\LLJ\Documents\Visual Studio 2010\Projects\SLIC_version\SLIC_version\Debug\mt.write.1.tlog
C:\USERS\LLJ\DOCUMENTS\VISUAL STUDIO 2010\PROJECTS\SLIC_VERSION\SLIC_VERSION\DEBUG\NODE.OBJ
C:\USERS\LLJ\DOCUMENTS\VISUAL STUDIO 2010\PROJECTS\SLIC_VERSION\SLIC_VERSION\DEBUG\PLANEPARAMESTIMATOR.OBJ
C:\USERS\LLJ\DOCUMENTS\VISUAL STUDIO 2010\PROJECTS\SLIC_VERSION\SLIC_VERSION\DEBUG\RANSAC.OBJ
C:\USERS\LLJ\DOCUMENTS\VISUAL STUDIO 2010\PROJECTS\SLIC_VERSION\SLIC_VERSION\DEBUG\SLIC.OBJ
C:\USERS\LLJ\DOCUMENTS\VISUAL STUDIO 2010\PROJECTS\SLIC_VERSION\SLIC_VERSION\DEBUG\SLIC_VERSION.EXE.INTERMEDIATE.MANIFEST
C:\Users\LLJ\Documents\Visual Studio 2010\Projects\SLIC_version\SLIC_version\Debug\vc100.idb
C:\USERS\LLJ\DOCUMENTS\VISUAL STUDIO 2010\PROJECTS\SLIC_VERSION\SLIC_VERSION\DEBUG\VC100.PDB
